{
  "0 debug pnpm:scope": {
    "selected": 1
  },
  "1 error pnpm": {
    "code": "ELIFECYCLE",
    "errno": "ENOENT",
    "syscall": "spawn",
    "file": "sh",
    "pkgid": "next-starter-tailwind@0.1.0",
    "stage": "dev",
    "script": "next dev",
    "pkgname": "next-starter-tailwind",
    "err": {
      "name": "pnpm",
      "message": "next-starter-tailwind@0.1.0 dev: `next dev`\nspawn ENOENT",
      "code": "ELIFECYCLE",
      "stack": "pnpm: next-starter-tailwind@0.1.0 dev: `next dev`\nspawn ENOENT\n    at ChildProcess.<anonymous> (/usr/local/lib/node_modules/pnpm/dist/pnpm.cjs:93448:22)\n    at ChildProcess.emit (node:events:513:28)\n    at maybeClose (node:internal/child_process:1091:16)\n    at ChildProcess._handle.onexit (node:internal/child_process:302:5)"
    }
  }
}